1497891184.275255 client started (20049): version 2.5, socket /private/tmp/tmux-2039491832/default, protocol 8
1497891184.275281 on Darwin 16.6.0 Darwin Kernel Version 16.6.0: Fri Apr 14 16:21:16 PDT 2017; root:xnu-3789.60.24~6/RELEASE_X86_64; libevent 2.1.8-stable (select)
1497891184.275312 socket is /private/tmp/tmux-2039491832/default
1497891184.275324 trying connect
1497891184.275390 add peer 0x7ff989801000: 6 (0x0)
1497891184.276348 sending message 100 to peer 0x7ff989801000 (4 bytes)
1497891184.276359 sending message 101 to peer 0x7ff989801000 (7 bytes)
1497891184.276363 sending message 102 to peer 0x7ff989801000 (13 bytes)
1497891184.276366 sending message 108 to peer 0x7ff989801000 (15 bytes)
1497891184.276374 sending message 104 to peer 0x7ff989801000 (0 bytes)
1497891184.276377 sending message 107 to peer 0x7ff989801000 (4 bytes)
1497891184.276380 sending message 105 to peer 0x7ff989801000 (30 bytes)
1497891184.276383 sending message 105 to peer 0x7ff989801000 (40 bytes)
1497891184.276386 sending message 105 to peer 0x7ff989801000 (29 bytes)
1497891184.276389 sending message 105 to peer 0x7ff989801000 (76 bytes)
1497891184.276392 sending message 105 to peer 0x7ff989801000 (14 bytes)
1497891184.276394 sending message 105 to peer 0x7ff989801000 (22 bytes)
1497891184.276397 sending message 105 to peer 0x7ff989801000 (16 bytes)
1497891184.276400 sending message 105 to peer 0x7ff989801000 (22 bytes)
1497891184.276403 sending message 105 to peer 0x7ff989801000 (61 bytes)
1497891184.276406 sending message 105 to peer 0x7ff989801000 (17 bytes)
1497891184.276408 sending message 105 to peer 0x7ff989801000 (12 bytes)
1497891184.276411 sending message 105 to peer 0x7ff989801000 (26 bytes)
1497891184.276414 sending message 105 to peer 0x7ff989801000 (262 bytes)
1497891184.276417 sending message 105 to peer 0x7ff989801000 (19 bytes)
1497891184.276420 sending message 105 to peer 0x7ff989801000 (24 bytes)
1497891184.276423 sending message 105 to peer 0x7ff989801000 (15 bytes)
1497891184.276426 sending message 105 to peer 0x7ff989801000 (8 bytes)
1497891184.276428 sending message 105 to peer 0x7ff989801000 (66 bytes)
1497891184.276431 sending message 105 to peer 0x7ff989801000 (12 bytes)
1497891184.276434 sending message 105 to peer 0x7ff989801000 (23 bytes)
1497891184.276437 sending message 105 to peer 0x7ff989801000 (28 bytes)
1497891184.276439 sending message 105 to peer 0x7ff989801000 (60 bytes)
1497891184.276442 sending message 105 to peer 0x7ff989801000 (57 bytes)
1497891184.276445 sending message 105 to peer 0x7ff989801000 (50 bytes)
1497891184.276448 sending message 105 to peer 0x7ff989801000 (14 bytes)
1497891184.276451 sending message 105 to peer 0x7ff989801000 (9 bytes)
1497891184.276453 sending message 105 to peer 0x7ff989801000 (14 bytes)
1497891184.276456 sending message 105 to peer 0x7ff989801000 (19 bytes)
1497891184.276459 sending message 105 to peer 0x7ff989801000 (39 bytes)
1497891184.276462 sending message 105 to peer 0x7ff989801000 (17 bytes)
1497891184.276464 sending message 105 to peer 0x7ff989801000 (15 bytes)
1497891184.276467 sending message 106 to peer 0x7ff989801000 (0 bytes)
1497891184.276473 sending message 200 to peer 0x7ff989801000 (4 bytes)
1497891184.276478 client loop enter
1497891184.277512 peer 0x7ff989801000 message 211
1497891184.277534 peer 0x7ff989801000 message 203
1497891184.277539 client loop exit
