2017/06/12 21:15:11 cht @0000000000000000000000000000000000000000 (67466)> status
2017/06/12 21:15:11 cht @0000000000000000000000000000000000000000 (67466)> status exited 0 after 0.04 seconds
2017/06/12 21:31:21 cht @0000000000000000000000000000000000000000 (70997)> status
2017/06/12 21:31:21 cht @0000000000000000000000000000000000000000 (70997)> status exited 0 after 0.05 seconds
2017/06/12 21:31:54 cht @0000000000000000000000000000000000000000 (71091)> status
2017/06/12 21:31:54 cht @0000000000000000000000000000000000000000 (71091)> status exited -1 after 0.04 seconds
2017/06/12 21:33:03 cht @0000000000000000000000000000000000000000 (71260)> status
2017/06/12 21:33:03 cht @0000000000000000000000000000000000000000 (71260)> status exited 0 after 0.04 seconds
2017/06/12 21:33:10 cht @0000000000000000000000000000000000000000 (71290)> serve --cmdserver chgunix --address /var/folders/g6/82sy7nzn1vl748y4ywz7d5dxws0b7r/T//chg2039491832/server.71288 --daemon-postexec 'chdir:/'
2017/06/12 21:33:10 cht @0000000000000000000000000000000000000000 (71291)> config
2017/06/12 21:33:10 cht @0000000000000000000000000000000000000000 (71291)> config exited 0 after 0.01 seconds
2017/06/12 21:33:10 cht @0000000000000000000000000000000000000000 (71299)> status -n -u 'glob:.hgi**'
2017/06/12 21:33:10 cht @0000000000000000000000000000000000000000 (71299)> status -n -u 'glob:.hgi**' exited 0 after 0.02 seconds
2017/06/12 21:33:13 cht @0000000000000000000000000000000000000000 (71326)> config
2017/06/12 21:33:13 cht @0000000000000000000000000000000000000000 (71326)> config exited 0 after 0.01 seconds
2017/06/12 21:33:13 cht @0000000000000000000000000000000000000000 (71334)> status -n -u 'glob:Ma**'
2017/06/12 21:33:13 cht @0000000000000000000000000000000000000000 (71334)> status -n -u 'glob:Ma**' exited 0 after 0.02 seconds
2017/06/12 21:33:14 cht @0000000000000000000000000000000000000000 (71366)> serve --cmdserver chgunix --address /var/folders/g6/82sy7nzn1vl748y4ywz7d5dxws0b7r/T//chg2039491832/server.71364 --daemon-postexec 'chdir:/'
2017/06/12 21:33:14 cht @0000000000000000000000000000000000000000 (71367)> add .hgignore Main.idr
2017/06/12 21:33:14 cht @0000000000000000000000000000000000000000 (71367)> add .hgignore Main.idr exited 0 after 0.02 seconds
2017/06/12 21:33:17 cht @0000000000000000000000000000000000000000 (71386)> commit
2017/06/12 21:33:25 cht @0000000000000000000000000000000000000000 (71386)> commit exited -1 after 7.80 seconds
2017/06/13 01:58:07 cht @0000000000000000000000000000000000000000 (71366)> serve --cmdserver chgunix --address /var/folders/g6/82sy7nzn1vl748y4ywz7d5dxws0b7r/T//chg2039491832/server.71364 --daemon-postexec 'chdir:/' exited 0 after 15893.06 seconds
2017/06/13 01:58:07 cht @0000000000000000000000000000000000000000 (71290)> serve --cmdserver chgunix --address /var/folders/g6/82sy7nzn1vl748y4ywz7d5dxws0b7r/T//chg2039491832/server.71288 --daemon-postexec 'chdir:/' exited 0 after 15896.33 seconds
